=========================================
PROJECT: SPLIT (DAR NIR)
VERSION: 0.03.0a
DATE: 2026-04-08 18:40
=========================================

## VERSIONING SCHEME

Primary (Major):    X.00.0
Secondary (Minor):  0.XX.0
Tertiary (Patch):   0.00.X

Suffix:

* a = alpha
* b = beta
  (Removed after stable release)

# CHANGELOG

## [0.03.0a] - 2026-04-08

ADDED:

* Form workflow module with builder, submission lifecycle, request pages, review queue, and SMTP settings scaffold
* Profile management pages with privacy controls, theme preference persistence, password-change requests, and profile audit history
* Shared topbar and sidebar partials for the app shell, workflow pages, and form-admin pages
* Workflow-specific frontend assets: `forms.css`, `forms.js`, `profile.css`, and `profile.js`

IMPROVED:

* Mobile shell behavior across sidebar, topbar bundles, notifications, chat overlays, and online-users views
* Manager page responsiveness for news, requests, review, and workflow action controls
* Shared layout reuse by modularizing duplicated topbar and sidebar template blocks
* Login, dashboard, account-manager, and news-manager visual consistency in light and dark themes

FIXED:

* Login button clipping through the rounded container
* Raw JSON showing in profile audit history for theme and profile updates
* Duplicate Profile shortcut in the Account Manager sidebar
* Misstyled Reset action in `forms/my-requests`
* Configuration link appearing in the News Manager sidebar
* Light-mode shadow issues on sidebar title icons
* Multiple mobile regressions affecting buttons, sidebar clipping, notification stacking, chat/online-user layout, and workflow controls

MISSING / TODO:

* Password hashing review and broader auth/security hardening
* Client-side validation and richer workflow error handling
* Browser-based regression pass across desktop and mobile breakpoints
* Production deployment/config hardening and email delivery activation

## [0.02.0a] - 2026-04-07

ADDED:

* Account Manager, News Manager, Settings, and full news-post pages
* Persistent news/blog system with editor, archiving, restore, image insertion, and article pages
* Managed marquee editor with multiple styles and sorting controls
* Global notification system with per-user read/hide state and topbar dropdowns
* Polling-based chat system with channels, role groups, direct messages, online users, attachments, and history loading
* Remember Me token persistence and server-side session restore

IMPROVED:

* Login/homepage hero, DAR mission and vision presentation, and branding polish
* Authenticated shell layout, theme controls, icons, and favicon usage across pages
* Mobile behavior for notifications, manager pages, and chat drawer/sheets
* Chat thread handling with date separators, older-message loading, and less cramped composer/feed layout
* Notification sender labels and interaction behavior

FIXED:

* Broken notification tray stacking and mobile clipping
* Notification auto-read inconsistencies and click behavior
* Mobile chat send/file controls and broader phone attachment support
* Image deformation in news/blog rendering
* Back-button behavior on manager/article pages
* Account-manager icon usage and theme-colored SVG integration

MISSING / TODO:

* Password hashing (SECURITY)
* Client-side validation and richer error handling
* Chat moderation/polish pass and deeper message management UX
* Deployment config (production-ready Flask)

## [0.01.0a] - 2026-04-07

ADDED:

* Shared `app.css` theme for shell, sidebar, topbar, panels, and responsive behavior
* Refined login brand lockup for Project SPLIT in the sidebar
* Release version log for `0.01.0a`

IMPROVED:

* Unified visual language between login and dashboard pages
* Cleaner login header by removing the inactive Sign In badge
* Sidebar collapse behavior on the dashboard with proper main-content offset
* HTML entity cleanup for dashboard symbols and labels

FIXED:

* Mismatched styling between login and dashboard CSS files
* Login sidebar branding that looked like an online-status indicator
* Tracked version file mismatch between `version-log` and `version.log`

MISSING / TODO:

* Password hashing (SECURITY)
* Role-based filtering on frontend (quick cards)
* Form validation (client-side)
* Error handling improvements
* Logout confirmation / UX polish
* Database management UI (admin panel)
* Activity logging system
* Deployment config (production-ready Flask)
